INFO    | Android emulator version 32.1.12.0 (build_id 9751036) (CL:N/A)
INFO    | Found systemPath /Users/ysnows/Library/Android/sdk/system-images/android-31/google_apis/arm64-v8a/
WARNING | Please update the emulator to one that supports the feature(s): Vulkan
WARNING | SELinux 'disabled' is no longer supported starting with API level 23, switching to 'permissive'
WARNING | System image is writable
WARNING | cannot add library /Users/ysnows/Library/Android/sdk/emulator/qemu/darwin-aarch64/lib64/vulkan/libvulkan.dylib: failed
INFO    | Storing crashdata in: /tmp/android-ysnows/emu-crash.db, detection is enabled
INFO    | Duplicate loglines will be removed, if you wish to see each indiviudal line launch with the -log-nofilter flag.
INFO    | Warning: QMetaObject::connectSlotsByName: No matching signal for on_new_posture_requested(int) ((null):0, (null))
INFO    | Warning: QMetaObject::connectSlotsByName: No matching signal for on_dismiss_posture_selection_dialog() ((null):0, (null))
INFO    | Warning: QMetaObject::connectSlotsByName: No matching signal for on_new_resizable_requested(PresetEmulatorSizeType) ((null):0, (null))
INFO    | Warning: QMetaObject::connectSlotsByName: No matching signal for on_dismiss_resizable_dialog() ((null):0, (null))
INFO    | Crash reports will be automatically uploaded to: https://clients2.google.com/cr/report
INFO    | added library /Users/ysnows/Library/Android/sdk/emulator/lib64/vulkan/libvulkan.dylib
INFO    | Sending adb public key [QAAAAEnn9tcHRaFfO3srZDzRPv52cIwuvDbIIeEXd4VODpMZdbWiHBwvnxx+DDXRlCQjurOp02Ma6YwMifwq3E0eJS5qXpy2XkhRz1JmlFbiUyG9SdqcyiuLlK4HhoarDDQ0ERS2g9yKOkJmgsCFReHUliecv4QVkWSSOE+23Y/wwtw9XWdY9r8nGfZwDBhMKJ/Kebm7Mt3yPrfzxKaF8wDfWl/5Fkeh0LMVSkQBroSSIHPasiQ79ANDxOv/oXWydTArMi0DH4ygNzFVL/VzA6OxLhnusEpHFXfSNkyrceut49pugkCgUmCcKf28QbrFhEzIHJM7AWznkRk6MJQcT6LUMTXhb4aT+kkHG0D9iPPzXJy2Sbq5djRlNGUz3/tivuf4Vo/ZgMm6EyNGHu5ZbS2ajR9DhQD3ooH6xeh9OdNGZ3fgTY3CD5QDyXvCyAzCX5FDv5RDCio03zLkBJHKomjddi2zKHw/DGIbkIcGWTlr/JL1cw1oeb4dJYA3QGRDepRSfpnRv+oXZN12VdmMFgm3Gq3+BSiQQyjZxsywwxZhDT84Ws6NpTVNEbVtoLY341OWw915V5/A4Zv/WCE8PbTb4XBBexxMTGc6ljm/O3Ut8nYunFjs83rBOhiMcoQHTL37BxBxfGd/UVnlDBb2srPrF7Dfh/a+znogkhW6fYVfQWbDjBtvGQEAAQA= ysnows@unknown]
WARNING | *** No gRPC protection active, consider launching with the -grpc-use-jwt flag.***
INFO    | Started GRPC server at 127.0.0.1:8556, security: Local, auth: none
INFO    | Advertising in: /Users/ysnows/Library/Caches/TemporaryItems/avd/running/pid_5666.ini
INFO    | Connecting to bluetooth mesh: localhost:8554
INFO    | Setting display: 0 configuration to: 1080x2220, dpi: 440x440 
INFO    | Your emulator is out of date, please update by launching Android Studio:
 - Start Android Studio
 - Select menu "Tools > Android > SDK Manager"
 - Click "SDK Tools" tab
 - Check "Android Emulator" checkbox
 - Click "OK"
INFO    | Warning: QMetaObject::connectSlotsByName: No matching signal for on_rgbcSensorValueWidget_valueChanged() ((null):0, (null))
INFO    | Warning: QMetaObject::connectSlotsByName: No matching signal for on_posture_valueChanged(int) ((null):0, (null))
INFO    | Info: 

GLImplementation: 
Surface Type: OpenGL
Surface Profile: CoreProfile
Surface Version: 4.1
Using Default SG Backend: no
Using Software Dynamic GL: no
Using Angle: no

Init Parameters:
  *  application-name Emulator 
  *  browser-subprocess-path /Users/ysnows/Library/Android/sdk/emulator/lib64/qt/libexec/QtWebEngineProcess 
  *  disable-features DnsOverHttpsUpgrade,ConsolidatedMovementXY,InstalledApp,BackgroundFetch,WebOTP,WebPayments,WebUSB,PictureInPicture 
  *  disable-gpu  
  *  disable-speech-api  
  *  enable-features TracingServiceInProcess 
  *  enable-threaded-compositing  
 ((null):0, (null))
INFO    | Warning: No functional TLS backend was found ((null):0, (null))
INFO    | Warning: No functional TLS backend was found ((null):0, (null))
 (2x)
INFO    | Warning: No TLS backend is available ((null):0, (null))
INFO    | Warning: No functional TLS backend was found ((null):0, (null))
INFO    | Warning: No functional TLS backend was found ((null):0, (null))
 (3x)
INFO    | Warning: No TLS backend is available ((null):0, (null))
INFO    | Warning: No functional TLS backend was found ((null):0, (null))
[5691:12547:0512/150952.266877:ERROR:ssl_client_socket_impl.cc(947)] handshake failed; returned -1, SSL error code 1, net_error -101
[5691:12547:0512/150952.273816:ERROR:ssl_client_socket_impl.cc(947)] handshake failed; returned -1, SSL error code 1, net_error -101
[5691:12547:0512/150952.273958:ERROR:ssl_client_socket_impl.cc(947)] handshake failed; returned -1, SSL error code 1, net_error -101
[5691:12547:0512/150952.336547:ERROR:ssl_client_socket_impl.cc(947)] handshake failed; returned -1, SSL error code 1, net_error -101
[5691:12547:0512/150952.366099:ERROR:ssl_client_socket_impl.cc(947)] handshake failed; returned -1, SSL error code 1, net_error -101
[5691:12547:0512/150952.366559:ERROR:ssl_client_socket_impl.cc(947)] handshake failed; returned -1, SSL error code 1, net_error -101
[5691:12547:0512/150952.432990:ERROR:ssl_client_socket_impl.cc(947)] handshake failed; returned -1, SSL error code 1, net_error -101
[5691:12547:0512/150955.612119:ERROR:ssl_client_socket_impl.cc(947)] handshake failed; returned -1, SSL error code 1, net_error -101
[5691:12547:0512/150955.612297:ERROR:ssl_client_socket_impl.cc(947)] handshake failed; returned -1, SSL error code 1, net_error -101
INFO    | Warning: No functional TLS backend was found ((null):0, (null))
 (2x)
INFO    | Boot completed in 13991 ms
INFO    | Increasing screen off timeout, logcat buffer size to 2M.
INFO    | Revoking microphone permissions for Google App.
INFO    | Wait for emulator (pid 5666) 20 seconds to shutdown gracefully before kill;you can set environment variable ANDROID_EMULATOR_WAIT_TIME_BEFORE_KILL(in seconds) to change the default value (20 seconds)
WARNING | Discarding the changed state (command-line flag).
INFO    | Android emulator version 32.1.12.0 (build_id 9751036) (CL:N/A)
INFO    | Found systemPath /Users/ysnows/Library/Android/sdk/system-images/android-31/google_apis/arm64-v8a/
WARNING | Please update the emulator to one that supports the feature(s): Vulkan
WARNING | SELinux 'disabled' is no longer supported starting with API level 23, switching to 'permissive'
WARNING | System image is writable
WARNING | cannot add library /Users/ysnows/Library/Android/sdk/emulator/qemu/darwin-aarch64/lib64/vulkan/libvulkan.dylib: failed
INFO    | Storing crashdata in: /tmp/android-ysnows/emu-crash.db, detection is enabled
INFO    | Duplicate loglines will be removed, if you wish to see each indiviudal line launch with the -log-nofilter flag.
INFO    | Warning: QMetaObject::connectSlotsByName: No matching signal for on_new_posture_requested(int) ((null):0, (null))
INFO    | Warning: QMetaObject::connectSlotsByName: No matching signal for on_dismiss_posture_selection_dialog() ((null):0, (null))
INFO    | Warning: QMetaObject::connectSlotsByName: No matching signal for on_new_resizable_requested(PresetEmulatorSizeType) ((null):0, (null))
INFO    | Warning: QMetaObject::connectSlotsByName: No matching signal for on_dismiss_resizable_dialog() ((null):0, (null))
INFO    | Crash reports will be automatically uploaded to: https://clients2.google.com/cr/report
INFO    | added library /Users/ysnows/Library/Android/sdk/emulator/lib64/vulkan/libvulkan.dylib
INFO    | Sending adb public key [QAAAAEnn9tcHRaFfO3srZDzRPv52cIwuvDbIIeEXd4VODpMZdbWiHBwvnxx+DDXRlCQjurOp02Ma6YwMifwq3E0eJS5qXpy2XkhRz1JmlFbiUyG9SdqcyiuLlK4HhoarDDQ0ERS2g9yKOkJmgsCFReHUliecv4QVkWSSOE+23Y/wwtw9XWdY9r8nGfZwDBhMKJ/Kebm7Mt3yPrfzxKaF8wDfWl/5Fkeh0LMVSkQBroSSIHPasiQ79ANDxOv/oXWydTArMi0DH4ygNzFVL/VzA6OxLhnusEpHFXfSNkyrceut49pugkCgUmCcKf28QbrFhEzIHJM7AWznkRk6MJQcT6LUMTXhb4aT+kkHG0D9iPPzXJy2Sbq5djRlNGUz3/tivuf4Vo/ZgMm6EyNGHu5ZbS2ajR9DhQD3ooH6xeh9OdNGZ3fgTY3CD5QDyXvCyAzCX5FDv5RDCio03zLkBJHKomjddi2zKHw/DGIbkIcGWTlr/JL1cw1oeb4dJYA3QGRDepRSfpnRv+oXZN12VdmMFgm3Gq3+BSiQQyjZxsywwxZhDT84Ws6NpTVNEbVtoLY341OWw915V5/A4Zv/WCE8PbTb4XBBexxMTGc6ljm/O3Ut8nYunFjs83rBOhiMcoQHTL37BxBxfGd/UVnlDBb2srPrF7Dfh/a+znogkhW6fYVfQWbDjBtvGQEAAQA= ysnows@unknown]
WARNING | *** No gRPC protection active, consider launching with the -grpc-use-jwt flag.***
INFO    | Started GRPC server at 127.0.0.1:8556, security: Local, auth: none
INFO    | Advertising in: /Users/ysnows/Library/Caches/TemporaryItems/avd/running/pid_34599.ini
INFO    | Connecting to bluetooth mesh: localhost:8554
INFO    | Setting display: 0 configuration to: 1080x2220, dpi: 440x440 
INFO    | Warning: Back buffer dpr of 2 doesn't match <_NSViewBackingLayer: 0x600002399050> contents scale of 1 - updating layer to match. ((null):0, (null))
INFO    | Boot completed in 18952 ms
INFO    | Increasing screen off timeout, logcat buffer size to 2M.
INFO    | Revoking microphone permissions for Google App.
INFO    | Warning: Back buffer dpr of 1 doesn't match <_NSViewBackingLayer: 0x600002399050> contents scale of 2 - updating layer to match. ((null):0, (null))
INFO    | Warning: QMetaObject::connectSlotsByName: No matching signal for on_rgbcSensorValueWidget_valueChanged() ((null):0, (null))
INFO    | Warning: QMetaObject::connectSlotsByName: No matching signal for on_posture_valueChanged(int) ((null):0, (null))
INFO    | Info: 

GLImplementation: 
Surface Type: OpenGL
Surface Profile: CoreProfile
Surface Version: 4.1
Using Default SG Backend: no
Using Software Dynamic GL: no
Using Angle: no

Init Parameters:
  *  application-name Emulator 
  *  browser-subprocess-path /Users/ysnows/Library/Android/sdk/emulator/lib64/qt/libexec/QtWebEngineProcess 
  *  disable-features DnsOverHttpsUpgrade,ConsolidatedMovementXY,InstalledApp,BackgroundFetch,WebOTP,WebPayments,WebUSB,PictureInPicture 
  *  disable-gpu  
  *  disable-speech-api  
  *  enable-features TracingServiceInProcess 
  *  enable-threaded-compositing  
 ((null):0, (null))
INFO    | Warning: No functional TLS backend was found ((null):0, (null))
INFO    | Warning: No functional TLS backend was found ((null):0, (null))
 (2x)
INFO    | Warning: No TLS backend is available ((null):0, (null))
INFO    | Warning: No functional TLS backend was found ((null):0, (null))
INFO    | Warning: No functional TLS backend was found ((null):0, (null))
 (3x)
INFO    | Warning: No TLS backend is available ((null):0, (null))
INFO    | Warning: No functional TLS backend was found ((null):0, (null))
[h264 @ 0x135d03200] no frame!
[h264 @ 0x135d03200] no frame!
[h264 @ 0x1365f9200] no frame!
[h264 @ 0x1365f9200] no frame!
[h264 @ 0x1365fb400] no frame!
[h264 @ 0x1365fb400] no frame!
[h264 @ 0x1304d8a00] no frame!
[h264 @ 0x1304d8a00] no frame!
[h264 @ 0x1390de000] no frame!
[h264 @ 0x1390de000] no frame!
[h264 @ 0x136d45a00] no frame!
[h264 @ 0x136d45a00] no frame!
[h264 @ 0x10f1b6e00] no frame!
[h264 @ 0x10f1b6e00] no frame!
[h264 @ 0x13052de00] no frame!
[h264 @ 0x13052de00] no frame!
INFO    | Warning: No functional TLS backend was found ((null):0, (null))
 (2x)
INFO    | Wait for emulator (pid 34599) 20 seconds to shutdown gracefully before kill;you can set environment variable ANDROID_EMULATOR_WAIT_TIME_BEFORE_KILL(in seconds) to change the default value (20 seconds)
WARNING | Discarding the changed state (command-line flag).
